<?xml version="1.0" encoding="UTF-8"?>
<!-- Generated by org.testng.reporters.JUnitXMLReporter -->
<testsuite hostname="LTB0206984-Mac.local" ignored="0" name="Test" tests="3" failures="1" timestamp="16 Jan 2020 07:44:12 GMT" time="41.34" errors="0">
  <testcase name="logoPresence" time="10.174" classname="allureReports.Tests"/>
  <testcase name="loginTest" time="9.976" classname="allureReports.Tests">
    <failure type="java.lang.AssertionError" message="expected [nopCommerce demo store123] but found [nopCommerce demo store. Login]">
      <![CDATA[java.lang.AssertionError: expected [nopCommerce demo store123] but found [nopCommerce demo store. Login]
at allureReports.Tests.loginTest(Tests.java:60)
... Removed 31 stack frames]]>
    </failure>
  </testcase> <!-- loginTest -->
  <testcase name="registrationTest" time="5.01" classname="allureReports.Tests">
    <skipped/>
  </testcase> <!-- registrationTest -->
</testsuite> <!-- Test -->
