<?xml version="1.0" encoding="UTF-8"?>
<testng-results skipped="1" failed="1" ignored="0" total="5" passed="3">
  <reporter-output>
  </reporter-output>
  <suite name="Suite" duration-ms="52012" started-at="2020-02-14T17:32:08 IST" finished-at="2020-02-14T17:33:00 IST">
    <groups>
    </groups>
    <test name="Test" duration-ms="52012" started-at="2020-02-14T17:32:08 IST" finished-at="2020-02-14T17:33:00 IST">
      <class name="allureReports.Tests">
        <test-method status="PASS" signature="cleanResults()[pri:0, instance:allureReports.Tests@2f4854d6]" name="cleanResults" is-config="true" duration-ms="188" started-at="2020-02-14T17:32:08 IST" finished-at="2020-02-14T17:32:08 IST">
          <reporter-output>
          </reporter-output>
        </test-method> <!-- cleanResults -->
        <test-method status="PASS" signature="setUp()[pri:0, instance:allureReports.Tests@2f4854d6]" name="setUp" is-config="true" duration-ms="13453" started-at="2020-02-14T17:32:08 IST" finished-at="2020-02-14T17:32:22 IST">
          <reporter-output>
          </reporter-output>
        </test-method> <!-- setUp -->
        <test-method status="PASS" signature="videoRecord()[pri:0, instance:allureReports.Tests@2f4854d6]" name="videoRecord" is-config="true" duration-ms="0" started-at="2020-02-14T17:32:22 IST" finished-at="2020-02-14T17:32:22 IST">
          <reporter-output>
          </reporter-output>
        </test-method> <!-- videoRecord -->
        <test-method status="PASS" signature="logoPresence()[pri:1, instance:allureReports.Tests@2f4854d6]" name="logoPresence" duration-ms="13069" started-at="2020-02-14T17:32:22 IST" description="Verify Logo presence on Home Page" finished-at="2020-02-14T17:32:35 IST">
          <reporter-output>
          </reporter-output>
        </test-method> <!-- logoPresence -->
        <test-method status="PASS" signature="stopRecoding()[pri:0, instance:allureReports.Tests@2f4854d6]" name="stopRecoding" is-config="true" duration-ms="0" started-at="2020-02-14T17:32:35 IST" finished-at="2020-02-14T17:32:35 IST">
          <reporter-output>
          </reporter-output>
        </test-method> <!-- stopRecoding -->
        <test-method status="PASS" signature="videoRecord()[pri:0, instance:allureReports.Tests@2f4854d6]" name="videoRecord" is-config="true" duration-ms="0" started-at="2020-02-14T17:32:35 IST" finished-at="2020-02-14T17:32:35 IST">
          <reporter-output>
          </reporter-output>
        </test-method> <!-- videoRecord -->
        <test-method status="FAIL" signature="loginTest()[pri:2, instance:allureReports.Tests@2f4854d6]" name="loginTest" duration-ms="9210" started-at="2020-02-14T17:32:35 IST" description="Verify login" finished-at="2020-02-14T17:32:44 IST">
          <exception class="java.lang.AssertionError">
            <message>
              <![CDATA[expected [nopCommerce demo store] but found [nopCommerce demo store. Login]]]>
            </message>
            <full-stacktrace>
              <![CDATA[java.lang.AssertionError: expected [nopCommerce demo store] but found [nopCommerce demo store. Login]
at org.testng.Assert.fail(Assert.java:97)
at org.testng.Assert.assertEqualsImpl(Assert.java:136)
at org.testng.Assert.assertEquals(Assert.java:118)
at org.testng.Assert.assertEquals(Assert.java:575)
at org.testng.Assert.assertEquals(Assert.java:585)
at allureReports.Tests.loginTest(Tests.java:83)
at sun.reflect.NativeMethodAccessorImpl.invoke0(Native Method)
at sun.reflect.NativeMethodAccessorImpl.invoke(NativeMethodAccessorImpl.java:62)
at sun.reflect.DelegatingMethodAccessorImpl.invoke(DelegatingMethodAccessorImpl.java:43)
at java.lang.reflect.Method.invoke(Method.java:498)
at org.testng.internal.MethodInvocationHelper.invokeMethod(MethodInvocationHelper.java:133)
at org.testng.internal.TestInvoker.invokeMethod(TestInvoker.java:584)
at org.testng.internal.TestInvoker.invokeTestMethod(TestInvoker.java:172)
at org.testng.internal.MethodRunner.runInSequence(MethodRunner.java:46)
at org.testng.internal.TestInvoker$MethodInvocationAgent.invoke(TestInvoker.java:804)
at org.testng.internal.TestInvoker.invokeTestMethods(TestInvoker.java:145)
at org.testng.internal.TestMethodWorker.invokeTestMethods(TestMethodWorker.java:146)
at org.testng.internal.TestMethodWorker.run(TestMethodWorker.java:128)
at java.util.ArrayList.forEach(ArrayList.java:1257)
at org.testng.TestRunner.privateRun(TestRunner.java:770)
at org.testng.TestRunner.run(TestRunner.java:591)
at org.testng.SuiteRunner.runTest(SuiteRunner.java:402)
at org.testng.SuiteRunner.runSequentially(SuiteRunner.java:396)
at org.testng.SuiteRunner.privateRun(SuiteRunner.java:355)
at org.testng.SuiteRunner.run(SuiteRunner.java:304)
at org.testng.SuiteRunnerWorker.runSuite(SuiteRunnerWorker.java:53)
at org.testng.SuiteRunnerWorker.run(SuiteRunnerWorker.java:96)
at org.testng.TestNG.runSuitesSequentially(TestNG.java:1180)
at org.testng.TestNG.runSuitesLocally(TestNG.java:1102)
at org.testng.TestNG.runSuites(TestNG.java:1032)
at org.testng.TestNG.run(TestNG.java:1000)
at org.apache.maven.surefire.testng.TestNGExecutor.run(TestNGExecutor.java:283)
at org.apache.maven.surefire.testng.TestNGXmlTestSuite.execute(TestNGXmlTestSuite.java:75)
at org.apache.maven.surefire.testng.TestNGProvider.invoke(TestNGProvider.java:120)
at org.apache.maven.surefire.booter.ForkedBooter.invokeProviderInSameClassLoader(ForkedBooter.java:386)
at org.apache.maven.surefire.booter.ForkedBooter.runSuitesInProcess(ForkedBooter.java:323)
at org.apache.maven.surefire.booter.ForkedBooter.main(ForkedBooter.java:143)
]]>
            </full-stacktrace>
          </exception> <!-- java.lang.AssertionError -->
          <reporter-output>
          </reporter-output>
        </test-method> <!-- loginTest -->
        <test-method status="PASS" signature="stopRecoding()[pri:0, instance:allureReports.Tests@2f4854d6]" name="stopRecoding" is-config="true" duration-ms="0" started-at="2020-02-14T17:32:45 IST" finished-at="2020-02-14T17:32:45 IST">
          <reporter-output>
          </reporter-output>
        </test-method> <!-- stopRecoding -->
        <test-method status="PASS" signature="videoRecord()[pri:0, instance:allureReports.Tests@2f4854d6]" name="videoRecord" is-config="true" duration-ms="0" started-at="2020-02-14T17:32:45 IST" finished-at="2020-02-14T17:32:45 IST">
          <reporter-output>
          </reporter-output>
        </test-method> <!-- videoRecord -->
        <test-method status="SKIP" signature="registrationTest()[pri:3, instance:allureReports.Tests@2f4854d6]" name="registrationTest" duration-ms="5008" started-at="2020-02-14T17:32:45 IST" description="Verify user Registration" finished-at="2020-02-14T17:32:50 IST">
          <exception class="org.testng.SkipException">
            <message>
              <![CDATA[Skipping this Test]]>
            </message>
            <full-stacktrace>
              <![CDATA[org.testng.SkipException: Skipping this Test
at allureReports.Tests.registrationTest(Tests.java:96)
at sun.reflect.NativeMethodAccessorImpl.invoke0(Native Method)
at sun.reflect.NativeMethodAccessorImpl.invoke(NativeMethodAccessorImpl.java:62)
at sun.reflect.DelegatingMethodAccessorImpl.invoke(DelegatingMethodAccessorImpl.java:43)
at java.lang.reflect.Method.invoke(Method.java:498)
at org.testng.internal.MethodInvocationHelper.invokeMethod(MethodInvocationHelper.java:133)
at org.testng.internal.TestInvoker.invokeMethod(TestInvoker.java:584)
at org.testng.internal.TestInvoker.invokeTestMethod(TestInvoker.java:172)
at org.testng.internal.MethodRunner.runInSequence(MethodRunner.java:46)
at org.testng.internal.TestInvoker$MethodInvocationAgent.invoke(TestInvoker.java:804)
at org.testng.internal.TestInvoker.invokeTestMethods(TestInvoker.java:145)
at org.testng.internal.TestMethodWorker.invokeTestMethods(TestMethodWorker.java:146)
at org.testng.internal.TestMethodWorker.run(TestMethodWorker.java:128)
at java.util.ArrayList.forEach(ArrayList.java:1257)
at org.testng.TestRunner.privateRun(TestRunner.java:770)
at org.testng.TestRunner.run(TestRunner.java:591)
at org.testng.SuiteRunner.runTest(SuiteRunner.java:402)
at org.testng.SuiteRunner.runSequentially(SuiteRunner.java:396)
at org.testng.SuiteRunner.privateRun(SuiteRunner.java:355)
at org.testng.SuiteRunner.run(SuiteRunner.java:304)
at org.testng.SuiteRunnerWorker.runSuite(SuiteRunnerWorker.java:53)
at org.testng.SuiteRunnerWorker.run(SuiteRunnerWorker.java:96)
at org.testng.TestNG.runSuitesSequentially(TestNG.java:1180)
at org.testng.TestNG.runSuitesLocally(TestNG.java:1102)
at org.testng.TestNG.runSuites(TestNG.java:1032)
at org.testng.TestNG.run(TestNG.java:1000)
at org.apache.maven.surefire.testng.TestNGExecutor.run(TestNGExecutor.java:283)
at org.apache.maven.surefire.testng.TestNGXmlTestSuite.execute(TestNGXmlTestSuite.java:75)
at org.apache.maven.surefire.testng.TestNGProvider.invoke(TestNGProvider.java:120)
at org.apache.maven.surefire.booter.ForkedBooter.invokeProviderInSameClassLoader(ForkedBooter.java:386)
at org.apache.maven.surefire.booter.ForkedBooter.runSuitesInProcess(ForkedBooter.java:323)
at org.apache.maven.surefire.booter.ForkedBooter.main(ForkedBooter.java:143)
]]>
            </full-stacktrace>
          </exception> <!-- org.testng.SkipException -->
          <reporter-output>
          </reporter-output>
        </test-method> <!-- registrationTest -->
        <test-method status="PASS" signature="stopRecoding()[pri:0, instance:allureReports.Tests@2f4854d6]" name="stopRecoding" is-config="true" duration-ms="0" started-at="2020-02-14T17:32:50 IST" finished-at="2020-02-14T17:32:50 IST">
          <reporter-output>
          </reporter-output>
        </test-method> <!-- stopRecoding -->
        <test-method status="PASS" signature="videoRecord()[pri:0, instance:allureReports.Tests@2f4854d6]" name="videoRecord" is-config="true" duration-ms="0" started-at="2020-02-14T17:32:50 IST" finished-at="2020-02-14T17:32:50 IST">
          <reporter-output>
          </reporter-output>
        </test-method> <!-- videoRecord -->
        <test-method status="PASS" signature="registration1Test()[pri:4, instance:allureReports.Tests@2f4854d6]" name="registration1Test" duration-ms="5007" started-at="2020-02-14T17:32:50 IST" description="Verify user Registration1" finished-at="2020-02-14T17:32:55 IST">
          <reporter-output>
          </reporter-output>
        </test-method> <!-- registration1Test -->
        <test-method status="PASS" signature="stopRecoding()[pri:0, instance:allureReports.Tests@2f4854d6]" name="stopRecoding" is-config="true" duration-ms="1" started-at="2020-02-14T17:32:55 IST" finished-at="2020-02-14T17:32:55 IST">
          <reporter-output>
          </reporter-output>
        </test-method> <!-- stopRecoding -->
        <test-method status="PASS" signature="videoRecord()[pri:0, instance:allureReports.Tests@2f4854d6]" name="videoRecord" is-config="true" duration-ms="0" started-at="2020-02-14T17:32:55 IST" finished-at="2020-02-14T17:32:55 IST">
          <reporter-output>
          </reporter-output>
        </test-method> <!-- videoRecord -->
        <test-method status="PASS" signature="registration11Test()[pri:5, instance:allureReports.Tests@2f4854d6]" name="registration11Test" duration-ms="5007" started-at="2020-02-14T17:32:55 IST" description="Verify user Registration11" finished-at="2020-02-14T17:33:00 IST">
          <reporter-output>
          </reporter-output>
        </test-method> <!-- registration11Test -->
        <test-method status="PASS" signature="stopRecoding()[pri:0, instance:allureReports.Tests@2f4854d6]" name="stopRecoding" is-config="true" duration-ms="1" started-at="2020-02-14T17:33:00 IST" finished-at="2020-02-14T17:33:00 IST">
          <reporter-output>
          </reporter-output>
        </test-method> <!-- stopRecoding -->
        <test-method status="PASS" signature="tearDown()[pri:0, instance:allureReports.Tests@2f4854d6]" name="tearDown" is-config="true" duration-ms="152" started-at="2020-02-14T17:33:00 IST" finished-at="2020-02-14T17:33:00 IST">
          <reporter-output>
          </reporter-output>
        </test-method> <!-- tearDown -->
        <test-method status="PASS" signature="reportGen()[pri:0, instance:allureReports.Tests@2f4854d6]" name="reportGen" is-config="true" duration-ms="8051" started-at="2020-02-14T17:33:05 IST" finished-at="2020-02-14T17:33:13 IST">
          <reporter-output>
          </reporter-output>
        </test-method> <!-- reportGen -->
      </class> <!-- allureReports.Tests -->
    </test> <!-- Test -->
  </suite> <!-- Suite -->
</testng-results>
